This is TeX, Version 3.14159 (Web2C 7.3.1) (format=latex 2000.9.20)  9 FEB 2001 11:21
**./images.tex
(./images.tex
LaTeX2e <1999/12/01> patch level 1
Babel <v3.6Z> and hyphenation patterns for american, french, german, ngerman, n
ohyphenation, loaded.

(/usr/share/texmf/tex/latex/koma-script/scrbook.cls
Document Class: scrbook 1999/12/29 v2.5h LaTeX2e KOMA document class
(/usr/share/texmf/tex/latex/base/bk12.clo
File: bk12.clo 1999/09/10 v1.4a Standard LaTeX file (size option)
) (/usr/share/texmf/tex/latex/koma-script/typearea.sty
Package: typearea 1999/12/29 v2.5h LaTeX2e KOMA package
Package: typearea, Copyright (C) Frank Neukam, 1992-1994 
                   Copyright (C) Markus Kohm, 1994-1999
\ta@bcor=\dimen102
\ta@div=\count79
\ta@hblk=\dimen103
\ta@vblk=\dimen104
\ta@temp=\dimen105
Package typearea Info: These are the values describing the layout:
(typearea)             DIV  = 12
(typearea)             BCOR = 0.0pt
(typearea)             \paperwidth      = 597.50793pt
(typearea)              \textwidth      = 448.13095pt
(typearea)              DIV-departure   = -6/100
(typearea)              \evensidemargin = 27.31467pt
(typearea)              \oddsidemargin  = -22.47766pt
(typearea)             \paperheight     = 845.04694pt
(typearea)              \textheight     = 635.5pt
(typearea)              \topmargin      = -41.72441pt
(typearea)              \headheight     = 18.125pt
(typearea)              \headsep        = 21.75pt
(typearea)              \topskip        = 12.0pt
(typearea)              \footskip       = 50.75pt
(typearea)              \baselineskip   = 14.5pt
(typearea)              on input line 502.
)
\c@part=\count80
\c@chapter=\count81
\c@section=\count82
\c@subsection=\count83
\c@subsubsection=\count84
\c@paragraph=\count85
\c@subparagraph=\count86
\c@figure=\count87
\c@table=\count88
\abovecaptionskip=\skip41
\belowcaptionskip=\skip42
\bibindent=\dimen106
) (/usr/share/texmf/tex/latex/graphics/epsfig.sty
Package: epsfig 1999/02/16 v1.7a (e)psfig emulation (SPQR)
(/usr/share/texmf/tex/latex/graphics/graphicx.sty
Package: graphicx 1999/02/16 v1.0f Enhanced LaTeX Graphics (DPC,SPQR)
(/usr/share/texmf/tex/latex/graphics/keyval.sty
Package: keyval 1999/03/16 v1.13 key=value parser (DPC)
\KV@toks@=\toks14
) (/usr/share/texmf/tex/latex/graphics/graphics.sty
Package: graphics 1999/02/16 v1.0l Standard LaTeX Graphics (DPC,SPQR)
(/usr/share/texmf/tex/latex/graphics/trig.sty
Package: trig 1999/03/16 v1.09 sin cos tan (DPC)
) (/usr/share/texmf/tex/latex/config/graphics.cfg)
Package graphics Info: Driver file: dvips.def on input line 80.
(/usr/share/texmf/tex/latex/graphics/dvips.def
File: dvips.def 1999/02/16 v3.0i Driver-dependant file (DPC,SPQR)
))
\Gin@req@height=\dimen107
\Gin@req@width=\dimen108
)
\epsfxsize=\dimen109
\epsfysize=\dimen110
) (/usr/share/texmf/tex/latex/misc/a4wide.sty
Package: a4wide 1994/08/30
(/usr/share/texmf/tex/latex/ntgclass/a4.sty
Package: a4 1999/03/03 v1.2f A4 based page layout
)) (/usr/share/texmf/tex/latex/psnfss/times.sty
Package: times 1999/03/29 PSNFSS v.7.2 Times font as default roman : S Rahtz
) (/usr/share/texmf/tex/latex/fancyhdr/fancyhdr.sty
\headwidth=\dimen111
) (/usr/share/texmf/tex/latex/graphics/color.sty
Package: color 1999/02/16 v1.0i Standard LaTeX Color (DPC)
(/usr/share/texmf/tex/latex/config/color.cfg)
Package color Info: Driver file: dvips.def on input line 125.
(/usr/share/texmf/tex/latex/graphics/dvipsnam.def
File: dvipsnam.def 1999/02/16 v3.0i Driver-dependant file (DPC,SPQR)
))
\sizebox=\box26
\lthtmlwrite=\write3
(images.aux)
\openout1 = `images.aux'.

LaTeX Font Info:    Checking defaults for OML/cmm/m/it on input line 113.
LaTeX Font Info:    ... okay on input line 113.
LaTeX Font Info:    Checking defaults for T1/cmr/m/n on input line 113.
LaTeX Font Info:    ... okay on input line 113.
LaTeX Font Info:    Checking defaults for OT1/cmr/m/n on input line 113.
LaTeX Font Info:    ... okay on input line 113.
LaTeX Font Info:    Checking defaults for OMS/cmsy/m/n on input line 113.
LaTeX Font Info:    ... okay on input line 113.
LaTeX Font Info:    Checking defaults for OMX/cmex/m/n on input line 113.
LaTeX Font Info:    ... okay on input line 113.
LaTeX Font Info:    Checking defaults for U/cmr/m/n on input line 113.
LaTeX Font Info:    ... okay on input line 113.
LaTeX Font Info:    Try loading font information for OT1+ptm on input line 113.

(/usr/share/texmf/tex/latex/psnfss/ot1ptm.fd
File: ot1ptm.fd 1998/07/06 Fontinst v1.800 font definitions for OT1/ptm.
)

latex2htmlLength hsize=349.0pt

latex2htmlLength vsize=711.625pt

latex2htmlLength hoffset=0.0pt

latex2htmlLength voffset=0.0pt

latex2htmlLength topmargin=0.0pt

latex2htmlLength topskip=0.00003pt

latex2htmlLength headheight=0.0pt

latex2htmlLength headsep=0.0pt

latex2htmlLength parskip=0.0pt plus 1.0pt

latex2htmlLength oddsidemargin=0.0pt

latex2htmlLength evensidemargin=0.0pt

LaTeX Font Info:    External font `cmex10' loaded for size
(Font)              <12> on input line 137.
LaTeX Font Info:    External font `cmex10' loaded for size
(Font)              <8> on input line 137.
LaTeX Font Info:    External font `cmex10' loaded for size
(Font)              <6> on input line 137.
l2hSize :tex2html_wrap_inline674:8.2pt::0.0pt::78.23209pt.
[1



]
File: Nmgr1.eps Graphic file (type eps)
<Nmgr1.eps>
l2hSize :figure190:144.75587pt::0.0pt::349.0pt.
[2


]
File: IR.eps Graphic file (type eps)
<IR.eps>
l2hSize :figure264:191.95068pt::0.0pt::349.0pt.
[3


]
l2hSize :tex2html_wrap_inline676:10.01027pt::10.01027pt::19.03416pt.
[4


]
File: IR-Process.eps Graphic file (type eps)
<IR-Process.eps>
l2hSize :figure281:143.67825pt::0.0pt::349.0pt.
[5


]

LaTeX Warning: File `./IRBrowser.eps' not found on input line 214.


! LaTeX Error: File `./IRBrowser.eps' not found.

See the LaTeX manual or LaTeX Companion for explanation.
Type  H <return>  for immediate help.
 ...                                              
                                                  
l.214 ...epsfig{file=./IRBrowser.eps, width=11cm}}
                                                  \end{figure}%
Try typing  <return>  to proceed.
If that doesn't work, type  X <return>  to quit.


! LaTeX Error: Cannot determine size of graphic in ./IRBrowser.eps (no Bounding
Box).

See the LaTeX manual or LaTeX Companion for explanation.
Type  H <return>  for immediate help.
 ...                                              
                                                  
l.214 ...epsfig{file=./IRBrowser.eps, width=11cm}}
                                                  \end{figure}%
Try typing  <return>  to proceed.
If that doesn't work, type  X <return>  to quit.

File: ./IRBrowser.eps Graphic file (type eps)
<./IRBrowser.eps>
l2hSize :figure297:313.06592pt::0.0pt::349.0pt.
[6


]
l2hSize :tex2html_wrap_inline678:8.59999pt::8.59999pt::19.14162pt.
[7


] (images.aux) ) 
Here is how much of TeX's memory you used:
 1131 strings out of 25901
 13506 string characters out of 197578
 59781 words of memory out of 384000
 4085 multiletter control sequences out of 10000+15000
 6883 words of font info for 24 fonts, out of 400000 for 1000
 14 hyphenation exceptions out of 1000
 32i,5n,40p,219b,344s stack positions out of 300i,100n,500p,50000b,4000s

Output written on images.dvi (7 pages, 1956 bytes).
